# JRE version: OpenJDK Runtime Environment (11.0.13) (build 11.0.13+0-b1751.21-8125866)
# Java VM: OpenJDK 64-Bit Server VM (11.0.13+0-b1751.21-8125866, mixed mode, tiered, compressed oops, g1 gc, windows-amd64)
Heap:
 garbage-first heap   total 397312K, used 338871K [0x0000000080000000, 0x0000000100000000)
  region size 1024K, 117 young (119808K), 1 survivors (1024K)
 Metaspace       used 160591K, capacity 165437K, committed 165712K, reserved 1193984K
  class space    used 19565K, capacity 21318K, committed 21408K, reserved 1048576K
GC Heap History (20 events):
Event: 400.371 GC heap before
{Heap before GC invocations=90 (full 0):
 garbage-first heap   total 397312K, used 310730K [0x0000000080000000, 0x0000000100000000)
  region size 1024K, 97 young (99328K), 9 survivors (9216K)
 Metaspace       used 159320K, capacity 164019K, committed 164304K, reserved 1191936K
  class space    used 19465K, capacity 21191K, committed 21280K, reserved 1048576K
}
Event: 400.402 GC heap after
{Heap after GC invocations=91 (full 0):
 garbage-first heap   total 397312K, used 224662K [0x0000000080000000, 0x0000000100000000)
  region size 1024K, 4 young (4096K), 4 survivors (4096K)
 Metaspace       used 159320K, capacity 164019K, committed 164304K, reserved 1191936K
  class space    used 19465K, capacity 21191K, committed 21280K, reserved 1048576K
}
Event: 401.696 GC heap before
{Heap before GC invocations=91 (full 0):
 garbage-first heap   total 397312K, used 316822K [0x0000000080000000, 0x0000000100000000)
  region size 1024K, 94 young (96256K), 4 survivors (4096K)
 Metaspace       used 159712K, capacity 164463K, committed 164688K, reserved 1191936K
  class space    used 19509K, capacity 21250K, committed 21408K, reserved 1048576K
}
Event: 401.717 GC heap after
{Heap after GC invocations=92 (full 0):
 garbage-first heap   total 397312K, used 224293K [0x0000000080000000, 0x0000000100000000)
  region size 1024K, 4 young (4096K), 4 survivors (4096K)
 Metaspace       used 159712K, capacity 164463K, committed 164688K, reserved 1191936K
  class space    used 19509K, capacity 21250K, committed 21408K, reserved 1048576K
}
Event: 403.694 GC heap before
{Heap before GC invocations=93 (full 0):
 garbage-first heap   total 397312K, used 317477K [0x0000000080000000, 0x0000000100000000)
  region size 1024K, 96 young (98304K), 4 survivors (4096K)
 Metaspace       used 159669K, capacity 164337K, committed 164944K, reserved 1193984K
  class space    used 19463K, capacity 21167K, committed 21408K, reserved 1048576K
}
Event: 403.707 GC heap after
{Heap after GC invocations=94 (full 0):
 garbage-first heap   total 397312K, used 225008K [0x0000000080000000, 0x0000000100000000)
  region size 1024K, 5 young (5120K), 5 survivors (5120K)
 Metaspace       used 159669K, capacity 164337K, committed 164944K, reserved 1193984K
  class space    used 19463K, capacity 21167K, committed 21408K, reserved 1048576K
}
Event: 403.837 GC heap before
{Heap before GC invocations=94 (full 0):
 garbage-first heap   total 397312K, used 239344K [0x0000000080000000, 0x0000000100000000)
  region size 1024K, 19 young (19456K), 5 survivors (5120K)
 Metaspace       used 159686K, capacity 164337K, committed 164944K, reserved 1193984K
  class space    used 19463K, capacity 21167K, committed 21408K, reserved 1048576K
}
Event: 403.851 GC heap after
{Heap after GC invocations=95 (full 0):
 garbage-first heap   total 397312K, used 224900K [0x0000000080000000, 0x0000000100000000)
  region size 1024K, 1 young (1024K), 1 survivors (1024K)
 Metaspace       used 159686K, capacity 164337K, committed 164944K, reserved 1193984K
  class space    used 19463K, capacity 21167K, committed 21408K, reserved 1048576K
}
Event: 405.286 GC heap before
{Heap before GC invocations=95 (full 0):
 garbage-first heap   total 397312K, used 330372K [0x0000000080000000, 0x0000000100000000)
  region size 1024K, 104 young (106496K), 1 survivors (1024K)
 Metaspace       used 159875K, capacity 164480K, committed 164944K, reserved 1193984K
  class space    used 19482K, capacity 21170K, committed 21408K, reserved 1048576K
}
Event: 405.296 GC heap after
{Heap after GC invocations=96 (full 0):
 garbage-first heap   total 397312K, used 225154K [0x0000000080000000, 0x0000000100000000)
  region size 1024K, 2 young (2048K), 2 survivors (2048K)
 Metaspace       used 159875K, capacity 164480K, committed 164944K, reserved 1193984K
  class space    used 19482K, capacity 21170K, committed 21408K, reserved 1048576K
}
Event: 407.124 GC heap before
{Heap before GC invocations=97 (full 0):
 garbage-first heap   total 397312K, used 331650K [0x0000000080000000, 0x0000000100000000)
  region size 1024K, 106 young (108544K), 2 survivors (2048K)
 Metaspace       used 160379K, capacity 165180K, committed 165456K, reserved 1193984K
  class space    used 19559K, capacity 21308K, committed 21408K, reserved 1048576K
}
Event: 407.136 GC heap after
{Heap after GC invocations=98 (full 0):
 garbage-first heap   total 397312K, used 227051K [0x0000000080000000, 0x0000000100000000)
  region size 1024K, 4 young (4096K), 4 survivors (4096K)
 Metaspace       used 160379K, capacity 165180K, committed 165456K, reserved 1193984K
  class space    used 19559K, capacity 21308K, committed 21408K, reserved 1048576K
}
Event: 407.238 GC heap before
{Heap before GC invocations=98 (full 0):
 garbage-first heap   total 397312K, used 242411K [0x0000000080000000, 0x0000000100000000)
  region size 1024K, 19 young (19456K), 4 survivors (4096K)
 Metaspace       used 160399K, capacity 165188K, committed 165456K, reserved 1193984K
  class space    used 19559K, capacity 21308K, committed 21408K, reserved 1048576K
}
Event: 407.249 GC heap after
{Heap after GC invocations=99 (full 0):
 garbage-first heap   total 397312K, used 224606K [0x0000000080000000, 0x0000000100000000)
  region size 1024K, 1 young (1024K), 1 survivors (1024K)
 Metaspace       used 160399K, capacity 165188K, committed 165456K, reserved 1193984K
  class space    used 19559K, capacity 21308K, committed 21408K, reserved 1048576K
}
Event: 408.488 GC heap before
{Heap before GC invocations=99 (full 0):
 garbage-first heap   total 397312K, used 336222K [0x0000000080000000, 0x0000000100000000)
  region size 1024K, 110 young (112640K), 1 survivors (1024K)
 Metaspace       used 160437K, capacity 165255K, committed 165456K, reserved 1193984K
  class space    used 19559K, capacity 21308K, committed 21408K, reserved 1048576K
}
Event: 408.500 GC heap after
{Heap after GC invocations=100 (full 0):
 garbage-first heap   total 397312K, used 224650K [0x0000000080000000, 0x0000000100000000)
  region size 1024K, 1 young (1024K), 1 survivors (1024K)
 Metaspace       used 160437K, capacity 165255K, committed 165456K, reserved 1193984K
  class space    used 19559K, capacity 21308K, committed 21408K, reserved 1048576K
}
Event: 411.352 GC heap before
{Heap before GC invocations=101 (full 0):
 garbage-first heap   total 397312K, used 339338K [0x0000000080000000, 0x0000000100000000)
  region size 1024K, 114 young (116736K), 1 survivors (1024K)
 Metaspace       used 160558K, capacity 165361K, committed 165456K, reserved 1193984K
  class space    used 19562K, capacity 21314K, committed 21408K, reserved 1048576K
}
Event: 411.364 GC heap after
{Heap after GC invocations=102 (full 0):
 garbage-first heap   total 397312K, used 224883K [0x0000000080000000, 0x0000000100000000)
  region size 1024K, 1 young (1024K), 1 survivors (1024K)
 Metaspace       used 160558K, capacity 165361K, committed 165456K, reserved 1193984K
  class space    used 19562K, capacity 21314K, committed 21408K, reserved 1048576K
}
Event: 411.649 GC heap before
{Heap before GC invocations=102 (full 0):
 garbage-first heap   total 397312K, used 243315K [0x0000000080000000, 0x0000000100000000)
  region size 1024K, 19 young (19456K), 1 survivors (1024K)
 Metaspace       used 160559K, capacity 165361K, committed 165456K, reserved 1193984K
  class space    used 19562K, capacity 21314K, committed 21408K, reserved 1048576K
}
Event: 411.661 GC heap after
{Heap after GC invocations=103 (full 0):
 garbage-first heap   total 397312K, used 220087K [0x0000000080000000, 0x0000000100000000)
  region size 1024K, 1 young (1024K), 1 survivors (1024K)
 Metaspace       used 160559K, capacity 165361K, committed 165456K, reserved 1193984K
  class space    used 19562K, capacity 21314K, committed 21408K, reserved 1048576K
}

